2020-03-01 11:34:09,175 INFO 1111111
2020-03-01 11:34:30,904 INFO 1111111
2020-03-01 11:35:16,863-INFO-1111111
2020-03-01 11:35:36,597-INFO-
2020-03-01 11:35:50,831-INFO-1111111
2020-03-01 11:36:37,244--1111111
INFO-1111111
2020-03-01 11:37:02,719-INFO-1111111
2020-03-01 11:38:46,774-INFO-FireFox内核运行中...
2020-03-01 11:38:48,678-INFO-京东-欢迎登录
2020-03-01 11:38:48,692-INFO-二维码跳转中...
2020-03-01 11:38:49,579-INFO-请扫描二维码
2020-03-01 11:39:29,779 - INFO - FireFox内核运行中...
2020-03-01 11:39:31,354 - INFO - 京东-欢迎登录
2020-03-01 11:39:31,360 - INFO - 二维码跳转中...
2020-03-01 11:39:32,241 - INFO - 请扫描二维码
2020-03-01 11:41:05,576 - INFO - FireFox内核运行中...
2020-03-01 11:41:05,590 - INFO - 京东(JD.COM)-正品低价、品质保障、配送及时、轻松购物！
2020-03-01 11:41:07,468 - INFO - 京东-欢迎登录
2020-03-01 11:41:07,482 - INFO - 二维码跳转中...
2020-03-01 11:41:08,392 - INFO - 请扫描二维码
2020-03-01 11:42:19,171 - INFO - FireFox内核运行中...
2020-03-01 11:42:19,180 - INFO - 京东(JD.COM)-正品低价、品质保障、配送及时、轻松购物！
2020-03-01 11:42:20,969 - INFO - 京东-欢迎登录
2020-03-01 11:42:20,978 - INFO - 二维码跳转中...
2020-03-01 11:42:21,930 - INFO - 请扫描二维码
